<?xml version="1.0" encoding="UTF-8"?>
<testng-results ignored="0" total="1" passed="1" failed="0" skipped="0">
  <reporter-output>
  </reporter-output>
  <suite started-at="2021-02-18T14:50:29 GMT" name="All Test Suite" finished-at="2021-02-18T14:50:30 GMT" duration-ms="119">
    <groups>
    </groups>
    <test started-at="2021-02-18T14:50:29 GMT" name="C:/Users/Steve/IdeaProjects/101HelloGithub/src/main/java" finished-at="2021-02-18T14:50:30 GMT" duration-ms="119">
      <class name="Package1.HelloDeploy">
        <test-method signature="TestOne()[pri:1, instance:Package1.HelloDeploy@534df152]" started-at="2021-02-18T14:50:29 GMT" name="TestOne" description="This is to test Deploy" finished-at="2021-02-18T14:50:29 GMT" duration-ms="8" status="PASS">
          <reporter-output>
          </reporter-output>
        </test-method> <!-- TestOne -->
      </class> <!-- Package1.HelloDeploy -->
    </test> <!-- C:/Users/Steve/IdeaProjects/101HelloGithub/src/main/java -->
  </suite> <!-- All Test Suite -->
</testng-results>
